<html>
<head>
<title>TestNG:  Default test</title>
<link href="../testng.css" rel="stylesheet" type="text/css" />
<link href="../my-testng.css" rel="stylesheet" type="text/css" />

<style type="text/css">
.log { display: none;} 
.stack-trace { display: none;} 
</style>
<script type="text/javascript">
<!--
function flip(e) {
  current = e.style.display;
  if (current == 'block') {
    e.style.display = 'none';
    return 0;
  }
  else {
    e.style.display = 'block';
    return 1;
  }
}

function toggleBox(szDivId, elem, msg1, msg2)
{
  var res = -1;  if (document.getElementById) {
    res = flip(document.getElementById(szDivId));
  }
  else if (document.all) {
    // this is the way old msie versions work
    res = flip(document.all[szDivId]);
  }
  if(elem) {
    if(res == 0) elem.innerHTML = msg1; else elem.innerHTML = msg2;
  }

}

function toggleAllBoxes() {
  if (document.getElementsByTagName) {
    d = document.getElementsByTagName('div');
    for (i = 0; i < d.length; i++) {
      if (d[i].className == 'log') {
        flip(d[i]);
      }
    }
  }
}

// -->
</script>

</head>
<body>
<h2 align='center'>Default test</h2><table border='1' align="center">
<tr>
<td>Tests passed/Failed/Skipped:</td><td>9/1/0</td>
</tr><tr>
<td>Started on:</td><td>Mon Jun 04 21:24:12 CST 2018</td>
</tr>
<tr><td>Total time:</td><td>8 seconds (8375 ms)</td>
</tr><tr>
<td>Included groups:</td><td></td>
</tr><tr>
<td>Excluded groups:</td><td></td>
</tr>
</table><p/>
<small><i>(Hover the method name to see the test class name)</i></small><p/>
<table width='100%' border='1' class='invocation-failed'>
<tr><td colspan='4' align='center'><b>FAILED TESTS</b></td></tr>
<tr><td><b>Test method</b></td>
<td width="30%"><b>Exception</b></td>
<td width="10%"><b>Time (seconds)</b></td>
<td><b>Instance</b></td>
</tr>
<tr>
<td title='com.zuora.test.exam.testcases.DealsTest.updateDealValid()'><b>updateDealValid</b><br>Test class: com.zuora.test.exam.testcases.DealsTest</td>
<td><div><pre>java.lang.AssertionError: expected:&lt;400&gt; but was:&lt;200&gt;
	at org.testng.AssertJUnit.fail(AssertJUnit.java:59)
	at org.testng.AssertJUnit.failNotEquals(AssertJUnit.java:364)
	at org.testng.AssertJUnit.assertEquals(AssertJUnit.java:80)
	at org.testng.AssertJUnit.assertEquals(AssertJUnit.java:245)
	at org.testng.AssertJUnit.assertEquals(AssertJUnit.java:252)
	at com.zuora.test.exam.util.TestBase.executePutCommonCases(TestBase.java:52)
	at com.zuora.test.exam.testcases.DealsTest.updateDealValid(DealsTest.java:99)
	at sun.reflect.NativeMethodAccessorImpl.invoke0(Native Method)
	at sun.reflect.NativeMethodAccessorImpl.invoke(NativeMethodAccessorImpl.java:62)
	at sun.reflect.DelegatingMethodAccessorImpl.invoke(DelegatingMethodAccessorImpl.java:43)
	at java.lang.reflect.Method.invoke(Method.java:498)
	at org.testng.internal.MethodInvocationHelper.invokeMethod(MethodInvocationHelper.java:124)
	at org.testng.internal.Invoker.invokeMethod(Invoker.java:580)
	at org.testng.internal.Invoker.invokeTestMethod(Invoker.java:716)
	at org.testng.internal.Invoker.invokeTestMethods(Invoker.java:988)
	at org.testng.internal.TestMethodWorker.invokeTestMethods(TestMethodWorker.java:125)
	at org.testng.internal.TestMethodWorker.run(TestMethodWorker.java:109)
	at org.testng.TestRunner.privateRun(TestRunner.java:648)
	at org.testng.TestRunner.run(TestRunner.java:505)
	at org.testng.SuiteRunner.runTest(SuiteRunner.java:455)
	at org.testng.SuiteRunner.runSequentially(SuiteRunner.java:450)
	at org.testng.SuiteRunner.privateRun(SuiteRunner.java:415)
	at org.testng.SuiteRunner.run(SuiteRunner.java:364)
	at org.testng.SuiteRunnerWorker.runSuite(SuiteRunnerWorker.java:52)
	at org.testng.SuiteRunnerWorker.run(SuiteRunnerWorker.java:84)
	at org.testng.TestNG.runSuitesSequentially(TestNG.java:1208)
	at org.testng.TestNG.runSuitesLocally(TestNG.java:1137)
	at org.testng.TestNG.runSuites(TestNG.java:1049)
	at org.testng.TestNG.run(TestNG.java:1017)
	at org.testng.remote.AbstractRemoteTestNG.run(AbstractRemoteTestNG.java:114)
	at org.testng.remote.RemoteTestNG.initAndRun(RemoteTestNG.java:251)
	at org.testng.remote.RemoteTestNG.main(RemoteTestNG.java:77)
</pre></div><a href='#' onClick='toggleBox("stack-trace29559328", this, "Click to show all stack frames", "Click to hide stack frames")'>Click to show all stack frames</a>
<div class='stack-trace' id='stack-trace29559328'><pre>java.lang.AssertionError: expected:&lt;400&gt; but was:&lt;200&gt;
	at org.testng.AssertJUnit.fail(AssertJUnit.java:59)
	at org.testng.AssertJUnit.failNotEquals(AssertJUnit.java:364)
	at org.testng.AssertJUnit.assertEquals(AssertJUnit.java:80)
	at org.testng.AssertJUnit.assertEquals(AssertJUnit.java:245)
	at org.testng.AssertJUnit.assertEquals(AssertJUnit.java:252)
	at com.zuora.test.exam.util.TestBase.executePutCommonCases(TestBase.java:52)
	at com.zuora.test.exam.testcases.DealsTest.updateDealValid(DealsTest.java:99)
	at sun.reflect.NativeMethodAccessorImpl.invoke0(Native Method)
	at sun.reflect.NativeMethodAccessorImpl.invoke(NativeMethodAccessorImpl.java:62)
	at sun.reflect.DelegatingMethodAccessorImpl.invoke(DelegatingMethodAccessorImpl.java:43)
	at java.lang.reflect.Method.invoke(Method.java:498)
	at org.testng.internal.MethodInvocationHelper.invokeMethod(MethodInvocationHelper.java:124)
	at org.testng.internal.Invoker.invokeMethod(Invoker.java:580)
	at org.testng.internal.Invoker.invokeTestMethod(Invoker.java:716)
	at org.testng.internal.Invoker.invokeTestMethods(Invoker.java:988)
	at org.testng.internal.TestMethodWorker.invokeTestMethods(TestMethodWorker.java:125)
	at org.testng.internal.TestMethodWorker.run(TestMethodWorker.java:109)
	at org.testng.TestRunner.privateRun(TestRunner.java:648)
	at org.testng.TestRunner.run(TestRunner.java:505)
	at org.testng.SuiteRunner.runTest(SuiteRunner.java:455)
	at org.testng.SuiteRunner.runSequentially(SuiteRunner.java:450)
	at org.testng.SuiteRunner.privateRun(SuiteRunner.java:415)
	at org.testng.SuiteRunner.run(SuiteRunner.java:364)
	at org.testng.SuiteRunnerWorker.runSuite(SuiteRunnerWorker.java:52)
	at org.testng.SuiteRunnerWorker.run(SuiteRunnerWorker.java:84)
	at org.testng.TestNG.runSuitesSequentially(TestNG.java:1208)
	at org.testng.TestNG.runSuitesLocally(TestNG.java:1137)
	at org.testng.TestNG.runSuites(TestNG.java:1049)
	at org.testng.TestNG.run(TestNG.java:1017)
	at org.testng.remote.AbstractRemoteTestNG.run(AbstractRemoteTestNG.java:114)
	at org.testng.remote.RemoteTestNG.initAndRun(RemoteTestNG.java:251)
	at org.testng.remote.RemoteTestNG.main(RemoteTestNG.java:77)
</pre></div></td>
<td>0</td>
<td>com.zuora.test.exam.testcases.DealsTest@41eaa2</td></tr>
</table><p>
<table width='100%' border='1' class='invocation-passed'>
<tr><td colspan='4' align='center'><b>PASSED TESTS</b></td></tr>
<tr><td><b>Test method</b></td>
<td width="30%"><b>Exception</b></td>
<td width="10%"><b>Time (seconds)</b></td>
<td><b>Instance</b></td>
</tr>
<tr>
<td title='com.zuora.test.exam.testcases.DealsTest.deleteDealInValid()'><b>deleteDealInValid</b><br>Test class: com.zuora.test.exam.testcases.DealsTest</td>
<td></td>
<td>0</td>
<td>com.zuora.test.exam.testcases.DealsTest@41eaa2</td></tr>
<tr>
<td title='com.zuora.test.exam.testcases.DealsTest.deleteDealValid()'><b>deleteDealValid</b><br>Test class: com.zuora.test.exam.testcases.DealsTest</td>
<td></td>
<td>0</td>
<td>com.zuora.test.exam.testcases.DealsTest@41eaa2</td></tr>
<tr>
<td title='com.zuora.test.exam.testcases.DealsTest.testCreateDealsInvalid()'><b>testCreateDealsInvalid</b><br>Test class: com.zuora.test.exam.testcases.DealsTest</td>
<td></td>
<td>0</td>
<td>com.zuora.test.exam.testcases.DealsTest@41eaa2</td></tr>
<tr>
<td title='com.zuora.test.exam.testcases.DealsTest.testCreateDealsValid()'><b>testCreateDealsValid</b><br>Test class: com.zuora.test.exam.testcases.DealsTest</td>
<td></td>
<td>2</td>
<td>com.zuora.test.exam.testcases.DealsTest@41eaa2</td></tr>
<tr>
<td title='com.zuora.test.exam.testcases.DealsTest.testCreateDealsWrongFormat()'><b>testCreateDealsWrongFormat</b><br>Test class: com.zuora.test.exam.testcases.DealsTest</td>
<td></td>
<td>0</td>
<td>com.zuora.test.exam.testcases.DealsTest@41eaa2</td></tr>
<tr>
<td title='com.zuora.test.exam.testcases.DealsTest.testListDealsInValid()'><b>testListDealsInValid</b><br>Test class: com.zuora.test.exam.testcases.DealsTest</td>
<td></td>
<td>0</td>
<td>com.zuora.test.exam.testcases.DealsTest@41eaa2</td></tr>
<tr>
<td title='com.zuora.test.exam.testcases.DealsTest.testListDealsValid()'><b>testListDealsValid</b><br>Test class: com.zuora.test.exam.testcases.DealsTest</td>
<td></td>
<td>1</td>
<td>com.zuora.test.exam.testcases.DealsTest@41eaa2</td></tr>
<tr>
<td title='com.zuora.test.exam.testcases.DealsTest.updateDealInValid()'><b>updateDealInValid</b><br>Test class: com.zuora.test.exam.testcases.DealsTest</td>
<td></td>
<td>0</td>
<td>com.zuora.test.exam.testcases.DealsTest@41eaa2</td></tr>
<tr>
<td title='com.zuora.test.exam.testcases.DealsTest.updateDealWrongFormat()'><b>updateDealWrongFormat</b><br>Test class: com.zuora.test.exam.testcases.DealsTest</td>
<td></td>
<td>0</td>
<td>com.zuora.test.exam.testcases.DealsTest@41eaa2</td></tr>
</table><p>
</body>
</html>